Using pre-set license
Built from '2023.2/staging' branch; Version is '2023.2.2f1 (dfe9eb92cac5) revision 14674411'; Using compiler version '193431935'; Build Type 'Release'
OS: 'Windows 11  (10.0.22631) 64bit Enterprise' Language: 'es' Physical Memory: 14211 MB
BatchMode: 1, IsHumanControllingUs: 0, StartBugReporterOnCrash: 0, Is64bit: 1, IsPro: 1

COMMAND LINE ARGUMENTS:
C:\Program Files\Unity\Hub\Editor\2023.2.2f1\Editor\Unity.exe
-adb2
-batchMode
-noUpm
-name
AssetImportWorker0
-projectPath
C:/DrimTimCG/Computación Gráfica 2024-2
-logFile
Logs/AssetImportWorker0.log
-srvPort
50381
-job-worker-count
5
-background-job-worker-count
8
-asset-garbage-collectors
1
Successfully changed project path to: C:/DrimTimCG/Computación Gráfica 2024-2
C:/DrimTimCG/Computación Gráfica 2024-2
[UnityMemory] Configuration Parameters - Can be set up in boot.config
    "memorysetup-bucket-allocator-granularity=16"
    "memorysetup-bucket-allocator-bucket-count=8"
    "memorysetup-bucket-allocator-block-size=33554432"
    "memorysetup-bucket-allocator-block-count=8"
    "memorysetup-main-allocator-block-size=16777216"
    "memorysetup-thread-allocator-block-size=16777216"
    "memorysetup-gfx-main-allocator-block-size=16777216"
    "memorysetup-gfx-thread-allocator-block-size=16777216"
    "memorysetup-cache-allocator-block-size=4194304"
    "memorysetup-typetree-allocator-block-size=2097152"
    "memorysetup-profiler-bucket-allocator-granularity=16"
    "memorysetup-profiler-bucket-allocator-bucket-count=8"
    "memorysetup-profiler-bucket-allocator-block-size=33554432"
    "memorysetup-profiler-bucket-allocator-block-count=8"
    "memorysetup-profiler-allocator-block-size=16777216"
    "memorysetup-profiler-editor-allocator-block-size=1048576"
    "memorysetup-temp-allocator-size-main=16777216"
    "memorysetup-job-temp-allocator-block-size=2097152"
    "memorysetup-job-temp-allocator-block-size-background=1048576"
    "memorysetup-job-temp-allocator-reduction-small-platforms=262144"
    "memorysetup-allocator-temp-initial-block-size-main=262144"
    "memorysetup-allocator-temp-initial-block-size-worker=262144"
    "memorysetup-temp-allocator-size-background-worker=32768"
    "memorysetup-temp-allocator-size-job-worker=262144"
    "memorysetup-temp-allocator-size-preload-manager=33554432"
    "memorysetup-temp-allocator-size-nav-mesh-worker=65536"
    "memorysetup-temp-allocator-size-audio-worker=65536"
    "memorysetup-temp-allocator-size-cloud-worker=32768"
    "memorysetup-temp-allocator-size-gi-baking-worker=262144"
    "memorysetup-temp-allocator-size-gi-baking-worker=262144"
    "memorysetup-temp-allocator-size-gi-baking-worker=262144"
    "memorysetup-temp-allocator-size-gi-baking-worker=262144"
    "memorysetup-temp-allocator-size-gfx=262144"
Player connection [20628] Host "[IP] 10.37.62.23 [Port] 0 [Flags] 2 [Guid] 1022780601 [EditorId] 1022780601 [Version] 1048832 [Id] WindowsEditor(7,N00018638) [Debug] 1 [PackageName] WindowsEditor [ProjectName] Editor" joined multi-casting on [225.0.0.222:54997]...
Player connection [20628] Host "[IP] 10.37.62.23 [Port] 0 [Flags] 2 [Guid] 1022780601 [EditorId] 1022780601 [Version] 1048832 [Id] WindowsEditor(7,N00018638) [Debug] 1 [PackageName] WindowsEditor [ProjectName] Editor" joined alternative multi-casting on [225.0.0.222:34997]...
JobSystem: Creating JobQueue using job-worker-count value 5
[Physics::Module] Initialized MultithreadedJobDispatcher with 5 workers.
Library Redirect Path: Library/
Refreshing native plugins compatible for Editor in 1.82 ms, found 3 plugins.
Preloading 0 native plugins for Editor in 0.00 ms.
Initialize engine version: 2023.2.2f1 (dfe9eb92cac5)
[Subsystems] Discovering subsystems at path C:/Program Files/Unity/Hub/Editor/2023.2.2f1/Editor/Data/Resources/UnitySubsystems
[Subsystems] Discovering subsystems at path C:/DrimTimCG/Computación Gráfica 2024-2/Assets
GfxDevice: creating device client; kGfxThreadingModeNonThreaded
Direct3D:
    Version:  Direct3D 11.0 [level 11.1]
    Renderer: NVIDIA Quadro RTX 3000 (ID=0x1f36)
    Vendor:   NVIDIA
    VRAM:     5968 MB
    Driver:   31.0.15.3118
Initialize mono
Mono path[0] = 'C:/Program Files/Unity/Hub/Editor/2023.2.2f1/Editor/Data/Managed'
Mono path[1] = 'C:/Program Files/Unity/Hub/Editor/2023.2.2f1/Editor/Data/MonoBleedingEdge/lib/mono/unityjit-win32'
Mono config path = 'C:/Program Files/Unity/Hub/Editor/2023.2.2f1/Editor/Data/MonoBleedingEdge/etc'
Using monoOptions --debugger-agent=transport=dt_socket,embedding=1,server=y,suspend=n,address=127.0.0.1:56856
Begin MonoManager ReloadAssembly
C:\build\output\Unity-Technologies\mono\mono\metadata\icall.c:1842:
C:\build\output\Unity-Technologies\mono\mono\metadata\icall.c:1842:
C:\build\output\Unity-Technologies\mono\mono\metadata\icall.c:1842:
C:\build\output\Unity-Technologies\mono\mono\metadata\icall.c:1842:
C:\build\output\Unity-Technologies\mono\mono\metadata\icall.c:1842:
C:\build\output\Unity-Technologies\mono\mono\metadata\icall.c:1842:
C:\build\output\Unity-Technologies\mono\mono\metadata\icall.c:1842:
C:\build\output\Unity-Technologies\mono\mono\metadata\icall.c:1842:
C:\build\output\Unity-Technologies\mono\mono\metadata\icall.c:1842:
C:\build\output\Unity-Technologies\mono\mono\metadata\icall.c:1842:
Registering precompiled unity dll's ...
Register platform support module: C:/Program Files/Unity/Hub/Editor/2023.2.2f1/Editor/Data/PlaybackEngines/WindowsStandaloneSupport/UnityEditor.WindowsStandalone.Extensions.dll
Registered in 0.003148 seconds.
- Loaded All Assemblies, in  0.536 seconds
Native extension for WindowsStandalone target not found
Mono: successfully reloaded assembly
C:\build\output\Unity-Technologies\mono\mono\metadata\icall.c:1842:
C:\build\output\Unity-Technologies\mono\mono\metadata\icall.c:1842:
- Finished resetting the current domain, in  0.403 seconds
Domain Reload Profiling: 935ms
	BeginReloadAssembly (165ms)
		ExecutionOrderSort (0ms)
		DisableScriptedObjects (0ms)
		BackupInstance (0ms)
		ReleaseScriptingObjects (0ms)
		CreateAndSetChildDomain (1ms)
	RebuildCommonClasses (46ms)
	RebuildNativeTypeToScriptingClass (21ms)
	initialDomainReloadingComplete (66ms)
	LoadAllAssembliesAndSetupDomain (234ms)
		LoadAssemblies (160ms)
		RebuildTransferFunctionScriptingTraits (0ms)
		AnalyzeDomain (232ms)
			TypeCache.Refresh (230ms)
				TypeCache.ScanAssembly (214ms)
			BuildScriptInfoCaches (0ms)
			ResolveRequiredComponents (0ms)
	FinalizeReload (403ms)
		ReleaseScriptCaches (0ms)
		RebuildScriptCaches (0ms)
		SetupLoadedEditorAssemblies (321ms)
			LogAssemblyErrors (0ms)
			InitializePlatformSupportModulesInManaged (12ms)
			SetLoadedEditorAssemblies (7ms)
			BeforeProcessingInitializeOnLoad (8ms)
			ProcessInitializeOnLoadAttributes (230ms)
			ProcessInitializeOnLoadMethodAttributes (64ms)
			AfterProcessingInitializeOnLoad (0ms)
			EditorAssembliesLoaded (0ms)
		ExecutionOrderSort2 (0ms)
		AwakeInstancesAfterBackupRestoration (0ms)
========================================================================
Worker process is ready to serve import requests
Import Worker Mode flag is 0x00
Begin MonoManager ReloadAssembly
C:\build\output\Unity-Technologies\mono\mono\metadata\icall.c:1842:
C:\build\output\Unity-Technologies\mono\mono\metadata\icall.c:1842:
C:\build\output\Unity-Technologies\mono\mono\metadata\icall.c:1842:
C:\build\output\Unity-Technologies\mono\mono\metadata\icall.c:1842:
C:\build\output\Unity-Technologies\mono\mono\metadata\icall.c:1842:
C:\build\output\Unity-Technologies\mono\mono\metadata\icall.c:1842:
C:\build\output\Unity-Technologies\mono\mono\metadata\icall.c:1842:
C:\build\output\Unity-Technologies\mono\mono\metadata\icall.c:1842:
C:\build\output\Unity-Technologies\mono\mono\metadata\icall.c:1842:
C:\build\output\Unity-Technologies\mono\mono\metadata\icall.c:1842:
C:\build\output\Unity-Technologies\mono\mono\metadata\icall.c:1842:
C:\build\output\Unity-Technologies\mono\mono\metadata\icall.c:1842:
Symbol file LoadedFromMemory doesn't match image C:\DrimTimCG\Computación Gráfica 2024-2\Library\PackageCache\com.unity.visualscripting@1.8.0\Editor\VisualScripting.Core\Dependencies\YamlDotNet\Unity.VisualScripting.YamlDotNet.dll
Symbol file LoadedFromMemory doesn't match image C:\DrimTimCG\Computación Gráfica 2024-2\Library\PackageCache\com.unity.visualscripting@1.8.0\Editor\VisualScripting.Core\Dependencies\DotNetZip\Unity.VisualScripting.IonicZip.dll
- Loaded All Assemblies, in  1.115 seconds
Refreshing native plugins compatible for Editor in 0.94 ms, found 3 plugins.
Native extension for WindowsStandalone target not found
Mono: successfully reloaded assembly
- Finished resetting the current domain, in  0.858 seconds
Domain Reload Profiling: 1966ms
	BeginReloadAssembly (396ms)
		ExecutionOrderSort (0ms)
		DisableScriptedObjects (8ms)
		BackupInstance (0ms)
		ReleaseScriptingObjects (0ms)
		CreateAndSetChildDomain (30ms)
	RebuildCommonClasses (47ms)
	RebuildNativeTypeToScriptingClass (17ms)
	initialDomainReloadingComplete (54ms)
	LoadAllAssembliesAndSetupDomain (593ms)
		LoadAssemblies (430ms)
		RebuildTransferFunctionScriptingTraits (0ms)
		AnalyzeDomain (295ms)
			TypeCache.Refresh (229ms)
				TypeCache.ScanAssembly (210ms)
			BuildScriptInfoCaches (47ms)
			ResolveRequiredComponents (16ms)
	FinalizeReload (859ms)
		ReleaseScriptCaches (0ms)
		RebuildScriptCaches (0ms)
		SetupLoadedEditorAssemblies (560ms)
			LogAssemblyErrors (0ms)
			InitializePlatformSupportModulesInManaged (3ms)
			SetLoadedEditorAssemblies (3ms)
			BeforeProcessingInitializeOnLoad (71ms)
			ProcessInitializeOnLoadAttributes (430ms)
			ProcessInitializeOnLoadMethodAttributes (47ms)
			AfterProcessingInitializeOnLoad (6ms)
			EditorAssembliesLoaded (0ms)
		ExecutionOrderSort2 (0ms)
		AwakeInstancesAfterBackupRestoration (13ms)
Launched and connected shader compiler UnityShaderCompiler.exe after 0.01 seconds
Refreshing native plugins compatible for Editor in 1.08 ms, found 3 plugins.
Preloading 0 native plugins for Editor in 0.00 ms.
Unloading 168 Unused Serialized files (Serialized files now loaded: 0)
Unloading 5159 unused Assets / (5.1 MB). Loaded Objects now: 5825.
Memory consumption went from 172.3 MB to 167.2 MB.
Total: 8.811400 ms (FindLiveObjects: 0.762000 ms CreateObjectMapping: 0.818600 ms MarkObjects: 3.867300 ms  DeleteObjects: 3.362300 ms)

========================================================================
Received Import Request.
  Time since last request: 2494955.136890 seconds.
  path: Assets/UniversalRenderPipelineGlobalSettings.asset
  artifactKey: Guid(18dc0cd2c080841dea60987a38ce93fa) Importer(815301076,1909f56bfc062723c751e8b465ee728b)
Start importing Assets/UniversalRenderPipelineGlobalSettings.asset using Guid(18dc0cd2c080841dea60987a38ce93fa) Importer(815301076,1909f56bfc062723c751e8b465ee728b) (PreviewImporter) -> (artifact id: 'e7ef8589e5b28ffb54406733d9d98b50') in 0.0299714 seconds
Number of updated asset objects reloaded before import = 0Number of asset objects unloaded after import = 2

========================================================================
Received Import Request.
  Time since last request: 0.000020 seconds.
  path: Assets/DefaultVolumeProfile.asset
  artifactKey: Guid(c55ce65c788ae2743a0adc2d9806a756) Importer(815301076,1909f56bfc062723c751e8b465ee728b)
Start importing Assets/DefaultVolumeProfile.asset using Guid(c55ce65c788ae2743a0adc2d9806a756) Importer(815301076,1909f56bfc062723c751e8b465ee728b) (PreviewImporter) -> (artifact id: '6483be51127a308044a1eb4293dc41ac') in 0.0020037 seconds
Number of updated asset objects reloaded before import = 0Number of asset objects unloaded after import = 1

========================================================================
Received Import Request.
  Time since last request: 0.000044 seconds.
  path: Assets/Readme.asset
  artifactKey: Guid(8105016687592461f977c054a80ce2f2) Importer(815301076,1909f56bfc062723c751e8b465ee728b)
Start importing Assets/Readme.asset using Guid(8105016687592461f977c054a80ce2f2) Importer(815301076,1909f56bfc062723c751e8b465ee728b) (PreviewImporter) -> (artifact id: 'f6964297ec1b0d6f4f673a4c702563ed') in 0.003439 seconds
Number of updated asset objects reloaded before import = 0Number of asset objects unloaded after import = 2

========================================================================
Received Import Request.
  Time since last request: 87.310694 seconds.
  path: Assets/Kael
  artifactKey: Guid(e19c6b4569cea408783d2729c1e4444a) Importer(815301076,1909f56bfc062723c751e8b465ee728b)
Start importing Assets/Kael using Guid(e19c6b4569cea408783d2729c1e4444a) Importer(815301076,1909f56bfc062723c751e8b465ee728b) (PreviewImporter) -> (artifact id: 'e08624e193919c50a02dd760236cfb82') in 0.0010649 seconds
Number of updated asset objects reloaded before import = 3Number of asset objects unloaded after import = 0

========================================================================
Received Import Request.
  Time since last request: 12.681251 seconds.
  path: Assets/Scenes/SampleScene.unity
  artifactKey: Guid(99c9720ab356a0642a771bea13969a05) Importer(815301076,1909f56bfc062723c751e8b465ee728b)
Start importing Assets/Scenes/SampleScene.unity using Guid(99c9720ab356a0642a771bea13969a05) Importer(815301076,1909f56bfc062723c751e8b465ee728b) (PreviewImporter) -> (artifact id: 'e063aae3360639b9750e5ce00bdc6fc6') in 0.0013463 seconds
Number of updated asset objects reloaded before import = 0Number of asset objects unloaded after import = 0

========================================================================
Received Import Request.
  Time since last request: 1.030841 seconds.
  path: Assets/Scenes/Default Environment
  artifactKey: Guid(9ddd8057b04004c66933de187fa80ce0) Importer(815301076,1909f56bfc062723c751e8b465ee728b)
Start importing Assets/Scenes/Default Environment using Guid(9ddd8057b04004c66933de187fa80ce0) Importer(815301076,1909f56bfc062723c751e8b465ee728b) (PreviewImporter) -> (artifact id: '5d815d2ff06df4f7783cdffff54abf0e') in 0.0008443 seconds
Number of updated asset objects reloaded before import = 0Number of asset objects unloaded after import = 0

========================================================================
Received Import Request.
  Time since last request: 0.068853 seconds.
  path: Assets/Scenes/Default Environment/Checker.mat
  artifactKey: Guid(e596650ec5c96c444b873c31607659c7) Importer(815301076,1909f56bfc062723c751e8b465ee728b)
Start importing Assets/Scenes/Default Environment/Checker.mat using Guid(e596650ec5c96c444b873c31607659c7) Importer(815301076,1909f56bfc062723c751e8b465ee728b) (PreviewImporter) -> (artifact id: '75552c12cb20d090bd73ec4030b9ac8b') in 1.5959342 seconds
Number of updated asset objects reloaded before import = 0Number of asset objects unloaded after import = 16

========================================================================
Received Import Request.
  Time since last request: 2.633160 seconds.
  path: Assets/Kael/Tornado
  artifactKey: Guid(f10a332c54b2c472d85663338c85208f) Importer(815301076,1909f56bfc062723c751e8b465ee728b)
Start importing Assets/Kael/Tornado using Guid(f10a332c54b2c472d85663338c85208f) Importer(815301076,1909f56bfc062723c751e8b465ee728b) (PreviewImporter) -> (artifact id: 'a7857add44595fd1781f90d47b130164') in 0.0009879 seconds
Number of updated asset objects reloaded before import = 0Number of asset objects unloaded after import = 0

========================================================================
Received Import Request.
  Time since last request: 2.477667 seconds.
  path: Assets/Kael/Tornado/Default Environment 1.unity
  artifactKey: Guid(91538f63c57f45041962d8395dab82ff) Importer(815301076,1909f56bfc062723c751e8b465ee728b)
Start importing Assets/Kael/Tornado/Default Environment 1.unity using Guid(91538f63c57f45041962d8395dab82ff) Importer(815301076,1909f56bfc062723c751e8b465ee728b) (PreviewImporter) -> (artifact id: '7998def6602701cd5c6bc25e3686e4c7') in 0.0009316 seconds
Number of updated asset objects reloaded before import = 0Number of asset objects unloaded after import = 0

========================================================================
Received Import Request.
  Time since last request: 8.136911 seconds.
  path: Assets/Kael/Tornado/Tornado.unity
  artifactKey: Guid(91538f63c57f45041962d8395dab82ff) Importer(815301076,1909f56bfc062723c751e8b465ee728b)
Start importing Assets/Kael/Tornado/Tornado.unity using Guid(91538f63c57f45041962d8395dab82ff) Importer(815301076,1909f56bfc062723c751e8b465ee728b) (PreviewImporter) -> (artifact id: '6cc56e5f5f53f3daec46997e528ffaba') in 0.0009666 seconds
Number of updated asset objects reloaded before import = 0Number of asset objects unloaded after import = 0

========================================================================
Received Import Request.
  Time since last request: 6.372238 seconds.
  path: Assets/Kael/Tornado/TornadoKael.unity
  artifactKey: Guid(91538f63c57f45041962d8395dab82ff) Importer(815301076,1909f56bfc062723c751e8b465ee728b)
Start importing Assets/Kael/Tornado/TornadoKael.unity using Guid(91538f63c57f45041962d8395dab82ff) Importer(815301076,1909f56bfc062723c751e8b465ee728b) (PreviewImporter) -> (artifact id: '8affaedb55ccc72f1b142ab6a62caef6') in 0.0008406 seconds
Number of updated asset objects reloaded before import = 0Number of asset objects unloaded after import = 0

========================================================================
Received Import Request.
  Time since last request: 4.229654 seconds.
  path: Assets/Prefabs/Single Particle Static.prefab
  artifactKey: Guid(7aa58ee35ef718245b3f1a2be79bc648) Importer(815301076,1909f56bfc062723c751e8b465ee728b)
Start importing Assets/Prefabs/Single Particle Static.prefab using Guid(7aa58ee35ef718245b3f1a2be79bc648) Importer(815301076,1909f56bfc062723c751e8b465ee728b) (PreviewImporter) -> (artifact id: '8a431e8ded8ea53f05dbabd7d9009862') in 0.1364099 seconds
Number of updated asset objects reloaded before import = 0Number of asset objects unloaded after import = 10

========================================================================
Received Import Request.
  Time since last request: 2.639123 seconds.
  path: Packages/com.unity.render-pipelines.universal/Runtime/Materials/ParticlesUnlit.mat
  artifactKey: Guid(e823cd5b5d27c0f4b8256e7c12ee3e6d) Importer(815301076,1909f56bfc062723c751e8b465ee728b)
Start importing Packages/com.unity.render-pipelines.universal/Runtime/Materials/ParticlesUnlit.mat using Guid(e823cd5b5d27c0f4b8256e7c12ee3e6d) Importer(815301076,1909f56bfc062723c751e8b465ee728b) (PreviewImporter) -> (artifact id: '72004e324d55a49497e53f0644697b0c') in 0.013076 seconds
Number of updated asset objects reloaded before import = 0Number of asset objects unloaded after import = 4

========================================================================
Received Import Request.
  Time since last request: 5.242215 seconds.
  path: Assets/Scenes
  artifactKey: Guid(48107bc4b4ce24a5c954bb4fe3cffd30) Importer(815301076,1909f56bfc062723c751e8b465ee728b)
Start importing Assets/Scenes using Guid(48107bc4b4ce24a5c954bb4fe3cffd30) Importer(815301076,1909f56bfc062723c751e8b465ee728b) (PreviewImporter) -> (artifact id: '530d3c73de7768c5d73453fab9c6ca0b') in 0.0009026 seconds
Number of updated asset objects reloaded before import = 0Number of asset objects unloaded after import = 0

========================================================================
Received Import Request.
  Time since last request: 7.871841 seconds.
  path: Assets/Kael/Tornado/TornadoKael.unity
  artifactKey: Guid(91538f63c57f45041962d8395dab82ff) Importer(815301076,1909f56bfc062723c751e8b465ee728b)
Start importing Assets/Kael/Tornado/TornadoKael.unity using Guid(91538f63c57f45041962d8395dab82ff) Importer(815301076,1909f56bfc062723c751e8b465ee728b) (PreviewImporter) -> (artifact id: '11a3efa5e22567b4d313f3f3f5147d84') in 0.0008516 seconds
Number of updated asset objects reloaded before import = 0Number of asset objects unloaded after import = 0

========================================================================
Received Import Request.
  Time since last request: 102.361889 seconds.
  path: Assets/Kael/Tornado/Meshs
  artifactKey: Guid(6292868fafc314d49b7448bf9e96cbb0) Importer(815301076,1909f56bfc062723c751e8b465ee728b)
Start importing Assets/Kael/Tornado/Meshs using Guid(6292868fafc314d49b7448bf9e96cbb0) Importer(815301076,1909f56bfc062723c751e8b465ee728b) (PreviewImporter) -> (artifact id: '52c3b766ffbbcda3268d9df7837fc4ad') in 0.0008497 seconds
Number of updated asset objects reloaded before import = 0Number of asset objects unloaded after import = 0

========================================================================
Received Import Request.
  Time since last request: 42.547778 seconds.
  path: Assets/Kael/Tornado/Meshs/TornadoExt.obj
  artifactKey: Guid(9f2cf4c5d06785143aa0c6a6e64c7bcd) Importer(815301076,1909f56bfc062723c751e8b465ee728b)
Start importing Assets/Kael/Tornado/Meshs/TornadoExt.obj using Guid(9f2cf4c5d06785143aa0c6a6e64c7bcd) Importer(815301076,1909f56bfc062723c751e8b465ee728b) (PreviewImporter) -> (artifact id: '6d68d1a85d5e4e8f77cbcfcbe8a67ffa') in 0.2801564 seconds
Number of updated asset objects reloaded before import = 0Number of asset objects unloaded after import = 13

========================================================================
Received Import Request.
  Time since last request: 77.295469 seconds.
  path: Assets/Kael/Tornado/Textures
  artifactKey: Guid(893516dd7c1f77045a3d8637e34c22ba) Importer(815301076,1909f56bfc062723c751e8b465ee728b)
Start importing Assets/Kael/Tornado/Textures using Guid(893516dd7c1f77045a3d8637e34c22ba) Importer(815301076,1909f56bfc062723c751e8b465ee728b) (PreviewImporter) -> (artifact id: '732f9f5fa5dc9f7a0fcda2b1718f449a') in 0.0018768 seconds
Number of updated asset objects reloaded before import = 0Number of asset objects unloaded after import = 0

========================================================================
Received Import Request.
  Time since last request: 52.173033 seconds.
  path: Assets/Kael/Tornado/Textures/FloorLight.png
  artifactKey: Guid(a66c0655933873842997a9b55a4df66f) Importer(815301076,1909f56bfc062723c751e8b465ee728b)
Start importing Assets/Kael/Tornado/Textures/FloorLight.png using Guid(a66c0655933873842997a9b55a4df66f) Importer(815301076,1909f56bfc062723c751e8b465ee728b) (PreviewImporter) -> (artifact id: 'f641d1481921fd9c31b3d63f9875f15d') in 0.0202473 seconds
Number of updated asset objects reloaded before import = 0Number of asset objects unloaded after import = 2

========================================================================
Received Import Request.
  Time since last request: 0.000024 seconds.
  path: Assets/Kael/Tornado/Textures/TornadoExt.png
  artifactKey: Guid(32126463ad5311740be88971b7bbebe6) Importer(815301076,1909f56bfc062723c751e8b465ee728b)
Start importing Assets/Kael/Tornado/Textures/TornadoExt.png using Guid(32126463ad5311740be88971b7bbebe6) Importer(815301076,1909f56bfc062723c751e8b465ee728b) (PreviewImporter) -> (artifact id: '7b51621d59d390316022cdf374d94773') in 0.011322 seconds
Number of updated asset objects reloaded before import = 0Number of asset objects unloaded after import = 2

========================================================================
Received Import Request.
  Time since last request: 0.000037 seconds.
  path: Assets/Kael/Tornado/Textures/Waves.png
  artifactKey: Guid(826503f34b05fe14db5bb9566c3bde55) Importer(815301076,1909f56bfc062723c751e8b465ee728b)
Start importing Assets/Kael/Tornado/Textures/Waves.png using Guid(826503f34b05fe14db5bb9566c3bde55) Importer(815301076,1909f56bfc062723c751e8b465ee728b) (PreviewImporter) -> (artifact id: '4598d72329f98fe292e6a26673f711d7') in 0.0100431 seconds
Number of updated asset objects reloaded before import = 0Number of asset objects unloaded after import = 2

========================================================================
Received Import Request.
  Time since last request: 0.000026 seconds.
  path: Assets/Kael/Tornado/Textures/TornadoInt.png
  artifactKey: Guid(f2319be7a1cdd4043bb55801b6404743) Importer(815301076,1909f56bfc062723c751e8b465ee728b)
Start importing Assets/Kael/Tornado/Textures/TornadoInt.png using Guid(f2319be7a1cdd4043bb55801b6404743) Importer(815301076,1909f56bfc062723c751e8b465ee728b) (PreviewImporter) -> (artifact id: 'd40b85d201b86190d3abf12dfaab94fb') in 0.0079355 seconds
Number of updated asset objects reloaded before import = 0Number of asset objects unloaded after import = 2

========================================================================
Received Import Request.
  Time since last request: 12.690937 seconds.
  path: Assets/Kael/Tornado/Textures/Waves.png
  artifactKey: Guid(826503f34b05fe14db5bb9566c3bde55) Importer(815301076,1909f56bfc062723c751e8b465ee728b)
Start importing Assets/Kael/Tornado/Textures/Waves.png using Guid(826503f34b05fe14db5bb9566c3bde55) Importer(815301076,1909f56bfc062723c751e8b465ee728b) (PreviewImporter) -> (artifact id: '6f863e618ba898f7b8e2314ade974415') in 0.0089097 seconds
Number of updated asset objects reloaded before import = 0Number of asset objects unloaded after import = 2

========================================================================
Received Import Request.
  Time since last request: 4.398549 seconds.
  path: Assets/Kael/Tornado/Textures/FloorLight.png
  artifactKey: Guid(a66c0655933873842997a9b55a4df66f) Importer(815301076,1909f56bfc062723c751e8b465ee728b)
Start importing Assets/Kael/Tornado/Textures/FloorLight.png using Guid(a66c0655933873842997a9b55a4df66f) Importer(815301076,1909f56bfc062723c751e8b465ee728b) (PreviewImporter) -> (artifact id: '1e723053ff93acea2a16e11680461da4') in 0.0129049 seconds
Number of updated asset objects reloaded before import = 0Number of asset objects unloaded after import = 2

========================================================================
Received Import Request.
  Time since last request: 0.000023 seconds.
  path: Assets/Kael/Tornado/Textures/TornadoInt.png
  artifactKey: Guid(f2319be7a1cdd4043bb55801b6404743) Importer(815301076,1909f56bfc062723c751e8b465ee728b)
Start importing Assets/Kael/Tornado/Textures/TornadoInt.png using Guid(f2319be7a1cdd4043bb55801b6404743) Importer(815301076,1909f56bfc062723c751e8b465ee728b) (PreviewImporter) -> (artifact id: '62e791091bbfbe1e47d6a95c1b9bb615') in 0.0107802 seconds
Number of updated asset objects reloaded before import = 0Number of asset objects unloaded after import = 2

========================================================================
Received Import Request.
  Time since last request: 11.112423 seconds.
  path: Assets/Kael/Tornado/Materials
  artifactKey: Guid(96decca117304b245b88a7bb168181da) Importer(815301076,1909f56bfc062723c751e8b465ee728b)
Start importing Assets/Kael/Tornado/Materials using Guid(96decca117304b245b88a7bb168181da) Importer(815301076,1909f56bfc062723c751e8b465ee728b) (PreviewImporter) -> (artifact id: '18cc111de3abae5b7dc2f5daa03e89be') in 0.0007208 seconds
Number of updated asset objects reloaded before import = 0Number of asset objects unloaded after import = 0

========================================================================
Received Import Request.
  Time since last request: 12.077415 seconds.
  path: Assets/Kael/Tornado/Materials/TornadoExt.mat
  artifactKey: Guid(e633ab9526680d64a902c6a53303a7b1) Importer(815301076,1909f56bfc062723c751e8b465ee728b)
Start importing Assets/Kael/Tornado/Materials/TornadoExt.mat using Guid(e633ab9526680d64a902c6a53303a7b1) Importer(815301076,1909f56bfc062723c751e8b465ee728b) (PreviewImporter) -> (artifact id: 'd4656596bc64f3502ea8213f14b96ad2') in 0.0084736 seconds
Number of updated asset objects reloaded before import = 0Number of asset objects unloaded after import = 4

========================================================================
Received Import Request.
  Time since last request: 1.738465 seconds.
  path: Assets/Mateo/Tornado/ExamenTornado/Texturas/OlaTexture.png
  artifactKey: Guid(a3d05fdd14c69c347b3d2dfb3667e9d6) Importer(815301076,1909f56bfc062723c751e8b465ee728b)
Start importing Assets/Mateo/Tornado/ExamenTornado/Texturas/OlaTexture.png using Guid(a3d05fdd14c69c347b3d2dfb3667e9d6) Importer(815301076,1909f56bfc062723c751e8b465ee728b) (PreviewImporter) -> (artifact id: '804ca71956c1d815d8f0f4e9ceaba062') in 0.0103956 seconds
Number of updated asset objects reloaded before import = 0Number of asset objects unloaded after import = 2

========================================================================
Received Import Request.
  Time since last request: 0.000026 seconds.
  path: Assets/TutorialInfo/Icons/URP.png
  artifactKey: Guid(727a75301c3d24613a3ebcec4a24c2c8) Importer(815301076,1909f56bfc062723c751e8b465ee728b)
Start importing Assets/TutorialInfo/Icons/URP.png using Guid(727a75301c3d24613a3ebcec4a24c2c8) Importer(815301076,1909f56bfc062723c751e8b465ee728b) (PreviewImporter) -> (artifact id: 'db3cb560a59f86e50c1f7c9d3abf5c88') in 0.0139514 seconds
Number of updated asset objects reloaded before import = 0Number of asset objects unloaded after import = 2

========================================================================
Received Import Request.
  Time since last request: 94.897957 seconds.
  path: Assets/Kael/Tornado/Meshs/TornadoExt.mtl
  artifactKey: Guid(ab1d1b89eb0eb7c4595b467642783553) Importer(815301076,1909f56bfc062723c751e8b465ee728b)
Start importing Assets/Kael/Tornado/Meshs/TornadoExt.mtl using Guid(ab1d1b89eb0eb7c4595b467642783553) Importer(815301076,1909f56bfc062723c751e8b465ee728b) (PreviewImporter) -> (artifact id: 'f69112e4fe1d1dd2a08a07e70f0a3f36') in 0.0015914 seconds
Number of updated asset objects reloaded before import = 0Number of asset objects unloaded after import = 1

========================================================================
Received Import Request.
  Time since last request: 10.402219 seconds.
  path: Assets/Kael/Tornado/Meshs/TornadoExt.obj
  artifactKey: Guid(9f2cf4c5d06785143aa0c6a6e64c7bcd) Importer(815301076,1909f56bfc062723c751e8b465ee728b)
Start importing Assets/Kael/Tornado/Meshs/TornadoExt.obj using Guid(9f2cf4c5d06785143aa0c6a6e64c7bcd) Importer(815301076,1909f56bfc062723c751e8b465ee728b) (PreviewImporter) -> (artifact id: 'e84182f42b6438389c0fa2459ab3d0ff') in 0.0247736 seconds
Number of updated asset objects reloaded before import = 0Number of asset objects unloaded after import = 13

========================================================================
Received Import Request.
  Time since last request: 39.829582 seconds.
  path: Assets/Kael/Tornado/Materials/TornadoExt.mat
  artifactKey: Guid(e633ab9526680d64a902c6a53303a7b1) Importer(815301076,1909f56bfc062723c751e8b465ee728b)
Start importing Assets/Kael/Tornado/Materials/TornadoExt.mat using Guid(e633ab9526680d64a902c6a53303a7b1) Importer(815301076,1909f56bfc062723c751e8b465ee728b) (PreviewImporter) -> (artifact id: 'dd650ff0dc5138c2cc13a2a5eaa23b6a') in 0.9695731 seconds
Number of updated asset objects reloaded before import = 0Number of asset objects unloaded after import = 5

========================================================================
Received Import Request.
  Time since last request: 50.812710 seconds.
  path: Assets/Kael/Tornado/Meshs/TornadoInt.obj
  artifactKey: Guid(4e67ca14e05e1c4488a364e621c6cc1c) Importer(815301076,1909f56bfc062723c751e8b465ee728b)
Start importing Assets/Kael/Tornado/Meshs/TornadoInt.obj using Guid(4e67ca14e05e1c4488a364e621c6cc1c) Importer(815301076,1909f56bfc062723c751e8b465ee728b) (PreviewImporter) -> (artifact id: 'cb28725bdd23b1a34a01f783e866e313') in 0.0328856 seconds
Number of updated asset objects reloaded before import = 0Number of asset objects unloaded after import = 13

========================================================================
Received Import Request.
  Time since last request: 24.336004 seconds.
  path: Assets/Kael/Tornado/Materials/TornadoInt.mat
  artifactKey: Guid(c2a2091bd0ae23044bd2d17c40b014ee) Importer(815301076,1909f56bfc062723c751e8b465ee728b)
Start importing Assets/Kael/Tornado/Materials/TornadoInt.mat using Guid(c2a2091bd0ae23044bd2d17c40b014ee) Importer(815301076,1909f56bfc062723c751e8b465ee728b) (PreviewImporter) -> (artifact id: 'bfd4902dd26bce920bb91f6567723830') in 0.0086704 seconds
Number of updated asset objects reloaded before import = 0Number of asset objects unloaded after import = 4

========================================================================
Received Import Request.
  Time since last request: 69.614250 seconds.
  path: Assets/Kael/Tornado/Materials/TornadoInt.mat
  artifactKey: Guid(c2a2091bd0ae23044bd2d17c40b014ee) Importer(815301076,1909f56bfc062723c751e8b465ee728b)
Start importing Assets/Kael/Tornado/Materials/TornadoInt.mat using Guid(c2a2091bd0ae23044bd2d17c40b014ee) Importer(815301076,1909f56bfc062723c751e8b465ee728b) (PreviewImporter) -> (artifact id: 'b683be2f7d1fb25e4103ba9204e00058') in 0.0099503 seconds
Number of updated asset objects reloaded before import = 0Number of asset objects unloaded after import = 5

========================================================================
Received Import Request.
  Time since last request: 127.549095 seconds.
  path: Assets/Kael/Tornado/Materials/TornadoExt.mat
  artifactKey: Guid(e633ab9526680d64a902c6a53303a7b1) Importer(815301076,1909f56bfc062723c751e8b465ee728b)
Start importing Assets/Kael/Tornado/Materials/TornadoExt.mat using Guid(e633ab9526680d64a902c6a53303a7b1) Importer(815301076,1909f56bfc062723c751e8b465ee728b) (PreviewImporter) -> (artifact id: '085700f93422908c802e687ebc9dd057') in 1.1154343 seconds
Number of updated asset objects reloaded before import = 0Number of asset objects unloaded after import = 5

========================================================================
Received Import Request.
  Time since last request: 6.920308 seconds.
  path: Assets/Kael/Tornado/Materials/TornadoInt.mat
  artifactKey: Guid(c2a2091bd0ae23044bd2d17c40b014ee) Importer(815301076,1909f56bfc062723c751e8b465ee728b)
Start importing Assets/Kael/Tornado/Materials/TornadoInt.mat using Guid(c2a2091bd0ae23044bd2d17c40b014ee) Importer(815301076,1909f56bfc062723c751e8b465ee728b) (PreviewImporter) -> (artifact id: 'b408aa90c13a400ca8a08b16a8460def') in 0.0101833 seconds
Number of updated asset objects reloaded before import = 0Number of asset objects unloaded after import = 5

========================================================================
Received Import Request.
  Time since last request: 49.985409 seconds.
  path: Assets/Kael/Tornado/Materials/Floorlight
  artifactKey: Guid(7bbb5d241f7bd67458b0d55f1671f4be) Importer(815301076,1909f56bfc062723c751e8b465ee728b)
Start importing Assets/Kael/Tornado/Materials/Floorlight using Guid(7bbb5d241f7bd67458b0d55f1671f4be) Importer(815301076,1909f56bfc062723c751e8b465ee728b) (PreviewImporter) -> (artifact id: 'ca3414b0c144467655fdc413514b9975') in 0.0007832 seconds
Number of updated asset objects reloaded before import = 0Number of asset objects unloaded after import = 0

========================================================================
Received Import Request.
  Time since last request: 13.348239 seconds.
  path: Assets/Kael/Tornado/Materials/Floorlight.mat
  artifactKey: Guid(d005404ec5e39b94a8b50e47c51a79a8) Importer(815301076,1909f56bfc062723c751e8b465ee728b)
Start importing Assets/Kael/Tornado/Materials/Floorlight.mat using Guid(d005404ec5e39b94a8b50e47c51a79a8) Importer(815301076,1909f56bfc062723c751e8b465ee728b) (PreviewImporter) -> (artifact id: 'beb964b3e59b729aa05a08dd7926febb') in 0.0089058 seconds
Number of updated asset objects reloaded before import = 0Number of asset objects unloaded after import = 4

========================================================================
Received Import Request.
  Time since last request: 74.504902 seconds.
  path: Assets/Kael/Tornado/Materials/Floorlight.mat
  artifactKey: Guid(d005404ec5e39b94a8b50e47c51a79a8) Importer(815301076,1909f56bfc062723c751e8b465ee728b)
Start importing Assets/Kael/Tornado/Materials/Floorlight.mat using Guid(d005404ec5e39b94a8b50e47c51a79a8) Importer(815301076,1909f56bfc062723c751e8b465ee728b) (PreviewImporter) -> (artifact id: '389ca2eb55c40345e8fea9a1b64cdf5c') in 0.90143 seconds
Number of updated asset objects reloaded before import = 0Number of asset objects unloaded after import = 5

========================================================================
Received Import Request.
  Time since last request: 48.957059 seconds.
  path: Assets/Kael/Tornado/Materials/Floorlight.mat
  artifactKey: Guid(d005404ec5e39b94a8b50e47c51a79a8) Importer(815301076,1909f56bfc062723c751e8b465ee728b)
Start importing Assets/Kael/Tornado/Materials/Floorlight.mat using Guid(d005404ec5e39b94a8b50e47c51a79a8) Importer(815301076,1909f56bfc062723c751e8b465ee728b) (PreviewImporter) -> (artifact id: '07d4fb82065d5ac1fc67711905e107a9') in 0.4107976 seconds
Number of updated asset objects reloaded before import = 0Number of asset objects unloaded after import = 5

========================================================================
Received Import Request.
  Time since last request: 56.593287 seconds.
  path: Assets/Kael/Tornado/Materials/Waves.mat
  artifactKey: Guid(bf37724820141804cb0175c18ef8594c) Importer(815301076,1909f56bfc062723c751e8b465ee728b)
Start importing Assets/Kael/Tornado/Materials/Waves.mat using Guid(bf37724820141804cb0175c18ef8594c) Importer(815301076,1909f56bfc062723c751e8b465ee728b) (PreviewImporter) -> (artifact id: '1612265dbcfd6610f4ab160680406eeb') in 0.0123369 seconds
Number of updated asset objects reloaded before import = 0Number of asset objects unloaded after import = 4

========================================================================
Received Import Request.
  Time since last request: 4.435428 seconds.
  path: Assets/Mateo/Tornado/ExamenTornado/Texturas/WaveTexture.png
  artifactKey: Guid(cf49612989c87844e8a06093e492ae2c) Importer(815301076,1909f56bfc062723c751e8b465ee728b)
Start importing Assets/Mateo/Tornado/ExamenTornado/Texturas/WaveTexture.png using Guid(cf49612989c87844e8a06093e492ae2c) Importer(815301076,1909f56bfc062723c751e8b465ee728b) (PreviewImporter) -> (artifact id: '9c525977e6391b1f7e96dc42e7388bef') in 0.007883 seconds
Number of updated asset objects reloaded before import = 0Number of asset objects unloaded after import = 2

========================================================================
Received Import Request.
  Time since last request: 64.763733 seconds.
  path: Assets/Kael/Tornado/Materials/Waves.mat
  artifactKey: Guid(bf37724820141804cb0175c18ef8594c) Importer(815301076,1909f56bfc062723c751e8b465ee728b)
Start importing Assets/Kael/Tornado/Materials/Waves.mat using Guid(bf37724820141804cb0175c18ef8594c) Importer(815301076,1909f56bfc062723c751e8b465ee728b) (PreviewImporter) -> (artifact id: '028058dd6b2f3b8708add90c77ba637a') in 0.0101406 seconds
Number of updated asset objects reloaded before import = 0Number of asset objects unloaded after import = 5

========================================================================
Received Import Request.
  Time since last request: 17.920211 seconds.
  path: Assets/Kael/Tornado/Materials/Waves.mat
  artifactKey: Guid(bf37724820141804cb0175c18ef8594c) Importer(815301076,1909f56bfc062723c751e8b465ee728b)
Start importing Assets/Kael/Tornado/Materials/Waves.mat using Guid(bf37724820141804cb0175c18ef8594c) Importer(815301076,1909f56bfc062723c751e8b465ee728b) (PreviewImporter) -> (artifact id: '0180bc44ca4939cd1dfea1f3d83a5d78') in 0.0123132 seconds
Number of updated asset objects reloaded before import = 0Number of asset objects unloaded after import = 5

========================================================================
Received Import Request.
  Time since last request: 100.877832 seconds.
  path: Assets/Kael/Tornado/Materials/Thingys.mat
  artifactKey: Guid(a814a03acf618124382ef23d728b79ca) Importer(815301076,1909f56bfc062723c751e8b465ee728b)
Start importing Assets/Kael/Tornado/Materials/Thingys.mat using Guid(a814a03acf618124382ef23d728b79ca) Importer(815301076,1909f56bfc062723c751e8b465ee728b) (PreviewImporter) -> (artifact id: '1b717b731474047e303d214263027462') in 0.0120021 seconds
Number of updated asset objects reloaded before import = 0Number of asset objects unloaded after import = 4

========================================================================
Received Import Request.
  Time since last request: 79.636217 seconds.
  path: Assets/Kael/Tornado/Materials/Thingys.mat
  artifactKey: Guid(a814a03acf618124382ef23d728b79ca) Importer(815301076,1909f56bfc062723c751e8b465ee728b)
Start importing Assets/Kael/Tornado/Materials/Thingys.mat using Guid(a814a03acf618124382ef23d728b79ca) Importer(815301076,1909f56bfc062723c751e8b465ee728b) (PreviewImporter) -> (artifact id: 'cb8e1feedf9cc51579ea012b56022602') in 0.0112952 seconds
Number of updated asset objects reloaded before import = 0Number of asset objects unloaded after import = 5

========================================================================
Received Import Request.
  Time since last request: 376.178046 seconds.
  path: Assets/Mateo/Tornado/ExamenTornado/Texturas/M_Turbo 1.mat
  artifactKey: Guid(6e21ec6301d1e46f1af8b687a1b81042) Importer(815301076,1909f56bfc062723c751e8b465ee728b)
Start importing Assets/Mateo/Tornado/ExamenTornado/Texturas/M_Turbo 1.mat using Guid(6e21ec6301d1e46f1af8b687a1b81042) Importer(815301076,1909f56bfc062723c751e8b465ee728b) (PreviewImporter) -> (artifact id: 'ab10ff9feb47047ba3c1075c62bcfb98') in 0.127195 seconds
Number of updated asset objects reloaded before import = 0Number of asset objects unloaded after import = 4

========================================================================
Received Import Request.
  Time since last request: 516.176884 seconds.
  path: Assets/Kael/Tornado/Materials/Waves.mat
  artifactKey: Guid(bf37724820141804cb0175c18ef8594c) Importer(815301076,1909f56bfc062723c751e8b465ee728b)
Start importing Assets/Kael/Tornado/Materials/Waves.mat using Guid(bf37724820141804cb0175c18ef8594c) Importer(815301076,1909f56bfc062723c751e8b465ee728b) (PreviewImporter) -> (artifact id: '5efcb2792b5cbdf139b89a6d05e52a61') in 0.0120398 seconds
Number of updated asset objects reloaded before import = 0Number of asset objects unloaded after import = 5

========================================================================
Received Import Request.
  Time since last request: 196.687255 seconds.
  path: Assets/Kael/Tornado/Meshs/Cone.obj
  artifactKey: Guid(8116b69d7225fa24d9e9e5b41caf98c4) Importer(815301076,1909f56bfc062723c751e8b465ee728b)
Start importing Assets/Kael/Tornado/Meshs/Cone.obj using Guid(8116b69d7225fa24d9e9e5b41caf98c4) Importer(815301076,1909f56bfc062723c751e8b465ee728b) (PreviewImporter) -> (artifact id: 'cb3404b44782fb649a1e488a6112ebba') in 0.0397546 seconds
Number of updated asset objects reloaded before import = 0Number of asset objects unloaded after import = 13

========================================================================
Received Import Request.
  Time since last request: 664.904329 seconds.
  path: Assets/Kael/Tornado/Meshs/TornadoExt2.obj
  artifactKey: Guid(fe268dc0301eedd4a8081b5a9bc68293) Importer(815301076,1909f56bfc062723c751e8b465ee728b)
Start importing Assets/Kael/Tornado/Meshs/TornadoExt2.obj using Guid(fe268dc0301eedd4a8081b5a9bc68293) Importer(815301076,1909f56bfc062723c751e8b465ee728b) (PreviewImporter) -> (artifact id: 'e421cf04469e65cb6f28990d88374056') in 0.0362963 seconds
Number of updated asset objects reloaded before import = 0Number of asset objects unloaded after import = 13

========================================================================
Received Import Request.
  Time since last request: 198.667208 seconds.
  path: Assets/Kael/Tornado/Materials/Thingys.mat
  artifactKey: Guid(a814a03acf618124382ef23d728b79ca) Importer(815301076,1909f56bfc062723c751e8b465ee728b)
Start importing Assets/Kael/Tornado/Materials/Thingys.mat using Guid(a814a03acf618124382ef23d728b79ca) Importer(815301076,1909f56bfc062723c751e8b465ee728b) (PreviewImporter) -> (artifact id: '6739a76a04c6166b9f98016512ca75a0') in 0.0149573 seconds
Number of updated asset objects reloaded before import = 0Number of asset objects unloaded after import = 5

========================================================================
Received Import Request.
  Time since last request: 13.198787 seconds.
  path: Assets/Kael/Tornado/Materials/Wind.mat
  artifactKey: Guid(4d66bb73ecf0f0440b0df8ff15cb9bb8) Importer(815301076,1909f56bfc062723c751e8b465ee728b)
Start importing Assets/Kael/Tornado/Materials/Wind.mat using Guid(4d66bb73ecf0f0440b0df8ff15cb9bb8) Importer(815301076,1909f56bfc062723c751e8b465ee728b) (PreviewImporter) -> (artifact id: 'a5c9cab91a10763d55b44d5ef6072641') in 0.0119436 seconds
Number of updated asset objects reloaded before import = 0Number of asset objects unloaded after import = 4

========================================================================
Received Import Request.
  Time since last request: 142.893295 seconds.
  path: Assets/Kael/Tornado/Materials/Wind.mat
  artifactKey: Guid(4d66bb73ecf0f0440b0df8ff15cb9bb8) Importer(815301076,1909f56bfc062723c751e8b465ee728b)
Start importing Assets/Kael/Tornado/Materials/Wind.mat using Guid(4d66bb73ecf0f0440b0df8ff15cb9bb8) Importer(815301076,1909f56bfc062723c751e8b465ee728b) (PreviewImporter) -> (artifact id: 'b525ce35116a303fd734f20b204e2c4c') in 0.0151101 seconds
Number of updated asset objects reloaded before import = 0Number of asset objects unloaded after import = 5

========================================================================
Received Import Request.
  Time since last request: 38.550990 seconds.
  path: Assets/Kael/Tornado/Materials/Thingys.mat
  artifactKey: Guid(a814a03acf618124382ef23d728b79ca) Importer(815301076,1909f56bfc062723c751e8b465ee728b)
Start importing Assets/Kael/Tornado/Materials/Thingys.mat using Guid(a814a03acf618124382ef23d728b79ca) Importer(815301076,1909f56bfc062723c751e8b465ee728b) (PreviewImporter) -> (artifact id: '9a331d8b4181d11122e4b39621d33066') in 0.0131962 seconds
Number of updated asset objects reloaded before import = 0Number of asset objects unloaded after import = 5

========================================================================
Received Import Request.
  Time since last request: 807.481399 seconds.
  path: Assets/Kael/Tornado/Textures/Tornadoext2.png
  artifactKey: Guid(a4ee6a48b85fbfe43a5724bccde25b94) Importer(815301076,1909f56bfc062723c751e8b465ee728b)
Start importing Assets/Kael/Tornado/Textures/Tornadoext2.png using Guid(a4ee6a48b85fbfe43a5724bccde25b94) Importer(815301076,1909f56bfc062723c751e8b465ee728b) (PreviewImporter) -> (artifact id: '568e67679d39ab74bcee4844fc113088') in 0.0319309 seconds
Number of updated asset objects reloaded before import = 0Number of asset objects unloaded after import = 2

========================================================================
Received Import Request.
  Time since last request: 8.066224 seconds.
  path: Assets/Kael/Tornado/Textures/Tornadoext2.png
  artifactKey: Guid(a4ee6a48b85fbfe43a5724bccde25b94) Importer(815301076,1909f56bfc062723c751e8b465ee728b)
Start importing Assets/Kael/Tornado/Textures/Tornadoext2.png using Guid(a4ee6a48b85fbfe43a5724bccde25b94) Importer(815301076,1909f56bfc062723c751e8b465ee728b) (PreviewImporter) -> (artifact id: '29422c1d87669897d42d18da92271517') in 0.0134091 seconds
Number of updated asset objects reloaded before import = 0Number of asset objects unloaded after import = 2

========================================================================
Received Import Request.
  Time since last request: 158.054311 seconds.
  path: Assets/Kael/Tornado/Textures/Tornadoext3.png
  artifactKey: Guid(c3be65721afc3a149a701c02fa95a8e3) Importer(815301076,1909f56bfc062723c751e8b465ee728b)
Start importing Assets/Kael/Tornado/Textures/Tornadoext3.png using Guid(c3be65721afc3a149a701c02fa95a8e3) Importer(815301076,1909f56bfc062723c751e8b465ee728b) (PreviewImporter) -> (artifact id: 'b386eea062cf9a320dd50b3a08cf5125') in 0.0101012 seconds
Number of updated asset objects reloaded before import = 0Number of asset objects unloaded after import = 2

========================================================================
Received Import Request.
  Time since last request: 14.274787 seconds.
  path: Assets/Kael/Tornado/Textures/Tornadoext3.png
  artifactKey: Guid(c3be65721afc3a149a701c02fa95a8e3) Importer(815301076,1909f56bfc062723c751e8b465ee728b)
Start importing Assets/Kael/Tornado/Textures/Tornadoext3.png using Guid(c3be65721afc3a149a701c02fa95a8e3) Importer(815301076,1909f56bfc062723c751e8b465ee728b) (PreviewImporter) -> (artifact id: 'f7159e30916ad7ffd538f243dad0a200') in 0.0102143 seconds
Number of updated asset objects reloaded before import = 0Number of asset objects unloaded after import = 2

========================================================================
Received Import Request.
  Time since last request: 236.016954 seconds.
  path: Assets/Kael/Tornado/Textures/TornadoInt2.png
  artifactKey: Guid(0ff880358ec3d9f448db4aa07fa68320) Importer(815301076,1909f56bfc062723c751e8b465ee728b)
Start importing Assets/Kael/Tornado/Textures/TornadoInt2.png using Guid(0ff880358ec3d9f448db4aa07fa68320) Importer(815301076,1909f56bfc062723c751e8b465ee728b) (PreviewImporter) -> (artifact id: 'eef7e2bf89b8ce8879c610403d98fe11') in 0.012961 seconds
Number of updated asset objects reloaded before import = 0Number of asset objects unloaded after import = 2

========================================================================
Received Import Request.
  Time since last request: 5.198431 seconds.
  path: Assets/Kael/Tornado/Textures/TornadoInt2.png
  artifactKey: Guid(0ff880358ec3d9f448db4aa07fa68320) Importer(815301076,1909f56bfc062723c751e8b465ee728b)
Start importing Assets/Kael/Tornado/Textures/TornadoInt2.png using Guid(0ff880358ec3d9f448db4aa07fa68320) Importer(815301076,1909f56bfc062723c751e8b465ee728b) (PreviewImporter) -> (artifact id: '1412df841f63f60ad473186efbc36ec6') in 0.0093659 seconds
Number of updated asset objects reloaded before import = 0Number of asset objects unloaded after import = 2

========================================================================
Received Import Request.
  Time since last request: 121.265782 seconds.
  path: Assets/Kael/Tornado/Materials/Thingys.mat
  artifactKey: Guid(a814a03acf618124382ef23d728b79ca) Importer(815301076,1909f56bfc062723c751e8b465ee728b)
Start importing Assets/Kael/Tornado/Materials/Thingys.mat using Guid(a814a03acf618124382ef23d728b79ca) Importer(815301076,1909f56bfc062723c751e8b465ee728b) (PreviewImporter) -> (artifact id: '1f4379b84824209415987681b01db188') in 0.0183719 seconds
Number of updated asset objects reloaded before import = 0Number of asset objects unloaded after import = 5

========================================================================
Received Import Request.
  Time since last request: 0.000034 seconds.
  path: Assets/Kael/Tornado/Materials/Waves.mat
  artifactKey: Guid(bf37724820141804cb0175c18ef8594c) Importer(815301076,1909f56bfc062723c751e8b465ee728b)
Start importing Assets/Kael/Tornado/Materials/Waves.mat using Guid(bf37724820141804cb0175c18ef8594c) Importer(815301076,1909f56bfc062723c751e8b465ee728b) (PreviewImporter) -> (artifact id: 'ec3cb1ad6621be362563699cf2e4bcff') in 0.0127131 seconds
Number of updated asset objects reloaded before import = 0Number of asset objects unloaded after import = 5

========================================================================
Received Import Request.
  Time since last request: 0.000028 seconds.
  path: Assets/Kael/Tornado/Materials/Wind.mat
  artifactKey: Guid(4d66bb73ecf0f0440b0df8ff15cb9bb8) Importer(815301076,1909f56bfc062723c751e8b465ee728b)
Start importing Assets/Kael/Tornado/Materials/Wind.mat using Guid(4d66bb73ecf0f0440b0df8ff15cb9bb8) Importer(815301076,1909f56bfc062723c751e8b465ee728b) (PreviewImporter) -> (artifact id: '6d8629a601373f4dc790713097c6107d') in 0.0130695 seconds
Number of updated asset objects reloaded before import = 0Number of asset objects unloaded after import = 5

========================================================================
Received Import Request.
  Time since last request: 64.881664 seconds.
  path: Assets/Kael/Tornado/Materials/Thingys.mat
  artifactKey: Guid(a814a03acf618124382ef23d728b79ca) Importer(815301076,1909f56bfc062723c751e8b465ee728b)
Start importing Assets/Kael/Tornado/Materials/Thingys.mat using Guid(a814a03acf618124382ef23d728b79ca) Importer(815301076,1909f56bfc062723c751e8b465ee728b) (PreviewImporter) -> (artifact id: '317358b12a8ae387778e6c3b752980ea') in 0.0138955 seconds
Number of updated asset objects reloaded before import = 0Number of asset objects unloaded after import = 5

========================================================================
Received Import Request.
  Time since last request: 0.000028 seconds.
  path: Assets/Kael/Tornado/Materials/TornadoInt.mat
  artifactKey: Guid(c2a2091bd0ae23044bd2d17c40b014ee) Importer(815301076,1909f56bfc062723c751e8b465ee728b)
Start importing Assets/Kael/Tornado/Materials/TornadoInt.mat using Guid(c2a2091bd0ae23044bd2d17c40b014ee) Importer(815301076,1909f56bfc062723c751e8b465ee728b) (PreviewImporter) -> (artifact id: 'a22e4ae2f5a3df8b0245fdfdbc833d9f') in 0.0127859 seconds
Number of updated asset objects reloaded before import = 0Number of asset objects unloaded after import = 5

========================================================================
Received Import Request.
  Time since last request: 10.053552 seconds.
  path: Assets/Kael/Tornado/Materials/Floorlight.mat
  artifactKey: Guid(d005404ec5e39b94a8b50e47c51a79a8) Importer(815301076,1909f56bfc062723c751e8b465ee728b)
Start importing Assets/Kael/Tornado/Materials/Floorlight.mat using Guid(d005404ec5e39b94a8b50e47c51a79a8) Importer(815301076,1909f56bfc062723c751e8b465ee728b) (PreviewImporter) -> (artifact id: 'ea36c174f3f14651cb7b935618fd8485') in 0.0136247 seconds
Number of updated asset objects reloaded before import = 0Number of asset objects unloaded after import = 5

========================================================================
Received Import Request.
  Time since last request: 459.312488 seconds.
  path: Assets
  artifactKey: Guid(00000000000000001000000000000000) Importer(815301076,1909f56bfc062723c751e8b465ee728b)
Start importing Assets using Guid(00000000000000001000000000000000) Importer(815301076,1909f56bfc062723c751e8b465ee728b) (PreviewImporter) -> (artifact id: '38ff83ccccfe8e2dfb22b2cdb880a4aa') in 0.0010003 seconds
Number of updated asset objects reloaded before import = 0Number of asset objects unloaded after import = 0

