Using pre-set license
Built from '2023.2/staging' branch; Version is '2023.2.2f1 (dfe9eb92cac5) revision 14674411'; Using compiler version '193431935'; Build Type 'Release'
OS: 'Windows 11  (10.0.22631) 64bit Enterprise' Language: 'es' Physical Memory: 14211 MB
BatchMode: 1, IsHumanControllingUs: 0, StartBugReporterOnCrash: 0, Is64bit: 1, IsPro: 1

COMMAND LINE ARGUMENTS:
C:\Program Files\Unity\Hub\Editor\2023.2.2f1\Editor\Unity.exe
-adb2
-batchMode
-noUpm
-name
AssetImportWorker1
-projectPath
C:/DrimTimCG/Computación Gráfica 2024-2
-logFile
Logs/AssetImportWorker1.log
-srvPort
50381
-job-worker-count
5
-background-job-worker-count
8
-asset-garbage-collectors
1
Successfully changed project path to: C:/DrimTimCG/Computación Gráfica 2024-2
C:/DrimTimCG/Computación Gráfica 2024-2
[UnityMemory] Configuration Parameters - Can be set up in boot.config
    "memorysetup-bucket-allocator-granularity=16"
    "memorysetup-bucket-allocator-bucket-count=8"
    "memorysetup-bucket-allocator-block-size=33554432"
    "memorysetup-bucket-allocator-block-count=8"
    "memorysetup-main-allocator-block-size=16777216"
    "memorysetup-thread-allocator-block-size=16777216"
    "memorysetup-gfx-main-allocator-block-size=16777216"
    "memorysetup-gfx-thread-allocator-block-size=16777216"
    "memorysetup-cache-allocator-block-size=4194304"
    "memorysetup-typetree-allocator-block-size=2097152"
    "memorysetup-profiler-bucket-allocator-granularity=16"
    "memorysetup-profiler-bucket-allocator-bucket-count=8"
    "memorysetup-profiler-bucket-allocator-block-size=33554432"
    "memorysetup-profiler-bucket-allocator-block-count=8"
    "memorysetup-profiler-allocator-block-size=16777216"
    "memorysetup-profiler-editor-allocator-block-size=1048576"
    "memorysetup-temp-allocator-size-main=16777216"
    "memorysetup-job-temp-allocator-block-size=2097152"
    "memorysetup-job-temp-allocator-block-size-background=1048576"
    "memorysetup-job-temp-allocator-reduction-small-platforms=262144"
    "memorysetup-allocator-temp-initial-block-size-main=262144"
    "memorysetup-allocator-temp-initial-block-size-worker=262144"
    "memorysetup-temp-allocator-size-background-worker=32768"
    "memorysetup-temp-allocator-size-job-worker=262144"
    "memorysetup-temp-allocator-size-preload-manager=33554432"
    "memorysetup-temp-allocator-size-nav-mesh-worker=65536"
    "memorysetup-temp-allocator-size-audio-worker=65536"
    "memorysetup-temp-allocator-size-cloud-worker=32768"
    "memorysetup-temp-allocator-size-gi-baking-worker=262144"
    "memorysetup-temp-allocator-size-gi-baking-worker=262144"
    "memorysetup-temp-allocator-size-gi-baking-worker=262144"
    "memorysetup-temp-allocator-size-gi-baking-worker=262144"
    "memorysetup-temp-allocator-size-gfx=262144"
Player connection [6404] Host "[IP] 10.37.62.23 [Port] 0 [Flags] 2 [Guid] 3542650361 [EditorId] 3542650361 [Version] 1048832 [Id] WindowsEditor(7,N00018638) [Debug] 1 [PackageName] WindowsEditor [ProjectName] Editor" joined multi-casting on [225.0.0.222:54997]...
Player connection [6404] Host "[IP] 10.37.62.23 [Port] 0 [Flags] 2 [Guid] 3542650361 [EditorId] 3542650361 [Version] 1048832 [Id] WindowsEditor(7,N00018638) [Debug] 1 [PackageName] WindowsEditor [ProjectName] Editor" joined alternative multi-casting on [225.0.0.222:34997]...
JobSystem: Creating JobQueue using job-worker-count value 5
[Physics::Module] Initialized MultithreadedJobDispatcher with 5 workers.
Library Redirect Path: Library/
Refreshing native plugins compatible for Editor in 1.57 ms, found 3 plugins.
Preloading 0 native plugins for Editor in 0.00 ms.
Initialize engine version: 2023.2.2f1 (dfe9eb92cac5)
[Subsystems] Discovering subsystems at path C:/Program Files/Unity/Hub/Editor/2023.2.2f1/Editor/Data/Resources/UnitySubsystems
[Subsystems] Discovering subsystems at path C:/DrimTimCG/Computación Gráfica 2024-2/Assets
GfxDevice: creating device client; kGfxThreadingModeNonThreaded
Direct3D:
    Version:  Direct3D 11.0 [level 11.1]
    Renderer: NVIDIA Quadro RTX 3000 (ID=0x1f36)
    Vendor:   NVIDIA
    VRAM:     5968 MB
    Driver:   31.0.15.3118
Initialize mono
Mono path[0] = 'C:/Program Files/Unity/Hub/Editor/2023.2.2f1/Editor/Data/Managed'
Mono path[1] = 'C:/Program Files/Unity/Hub/Editor/2023.2.2f1/Editor/Data/MonoBleedingEdge/lib/mono/unityjit-win32'
Mono config path = 'C:/Program Files/Unity/Hub/Editor/2023.2.2f1/Editor/Data/MonoBleedingEdge/etc'
Using monoOptions --debugger-agent=transport=dt_socket,embedding=1,server=y,suspend=n,address=127.0.0.1:56628
Begin MonoManager ReloadAssembly
C:\build\output\Unity-Technologies\mono\mono\metadata\icall.c:1842:
C:\build\output\Unity-Technologies\mono\mono\metadata\icall.c:1842:
C:\build\output\Unity-Technologies\mono\mono\metadata\icall.c:1842:
C:\build\output\Unity-Technologies\mono\mono\metadata\icall.c:1842:
C:\build\output\Unity-Technologies\mono\mono\metadata\icall.c:1842:
C:\build\output\Unity-Technologies\mono\mono\metadata\icall.c:1842:
C:\build\output\Unity-Technologies\mono\mono\metadata\icall.c:1842:
C:\build\output\Unity-Technologies\mono\mono\metadata\icall.c:1842:
C:\build\output\Unity-Technologies\mono\mono\metadata\icall.c:1842:
C:\build\output\Unity-Technologies\mono\mono\metadata\icall.c:1842:
Registering precompiled unity dll's ...
Register platform support module: C:/Program Files/Unity/Hub/Editor/2023.2.2f1/Editor/Data/PlaybackEngines/WindowsStandaloneSupport/UnityEditor.WindowsStandalone.Extensions.dll
Registered in 0.003784 seconds.
- Loaded All Assemblies, in  0.527 seconds
Native extension for WindowsStandalone target not found
Mono: successfully reloaded assembly
C:\build\output\Unity-Technologies\mono\mono\metadata\icall.c:1842:
C:\build\output\Unity-Technologies\mono\mono\metadata\icall.c:1842:
- Finished resetting the current domain, in  0.383 seconds
Domain Reload Profiling: 906ms
	BeginReloadAssembly (156ms)
		ExecutionOrderSort (0ms)
		DisableScriptedObjects (0ms)
		BackupInstance (0ms)
		ReleaseScriptingObjects (0ms)
		CreateAndSetChildDomain (1ms)
	RebuildCommonClasses (50ms)
	RebuildNativeTypeToScriptingClass (18ms)
	initialDomainReloadingComplete (65ms)
	LoadAllAssembliesAndSetupDomain (232ms)
		LoadAssemblies (152ms)
		RebuildTransferFunctionScriptingTraits (0ms)
		AnalyzeDomain (228ms)
			TypeCache.Refresh (227ms)
				TypeCache.ScanAssembly (207ms)
			BuildScriptInfoCaches (0ms)
			ResolveRequiredComponents (1ms)
	FinalizeReload (383ms)
		ReleaseScriptCaches (0ms)
		RebuildScriptCaches (0ms)
		SetupLoadedEditorAssemblies (316ms)
			LogAssemblyErrors (0ms)
			InitializePlatformSupportModulesInManaged (11ms)
			SetLoadedEditorAssemblies (5ms)
			BeforeProcessingInitializeOnLoad (9ms)
			ProcessInitializeOnLoadAttributes (220ms)
			ProcessInitializeOnLoadMethodAttributes (70ms)
			AfterProcessingInitializeOnLoad (0ms)
			EditorAssembliesLoaded (0ms)
		ExecutionOrderSort2 (0ms)
		AwakeInstancesAfterBackupRestoration (0ms)
========================================================================
Worker process is ready to serve import requests
Import Worker Mode flag is 0x00
Begin MonoManager ReloadAssembly
C:\build\output\Unity-Technologies\mono\mono\metadata\icall.c:1842:
C:\build\output\Unity-Technologies\mono\mono\metadata\icall.c:1842:
C:\build\output\Unity-Technologies\mono\mono\metadata\icall.c:1842:
C:\build\output\Unity-Technologies\mono\mono\metadata\icall.c:1842:
C:\build\output\Unity-Technologies\mono\mono\metadata\icall.c:1842:
C:\build\output\Unity-Technologies\mono\mono\metadata\icall.c:1842:
C:\build\output\Unity-Technologies\mono\mono\metadata\icall.c:1842:
C:\build\output\Unity-Technologies\mono\mono\metadata\icall.c:1842:
C:\build\output\Unity-Technologies\mono\mono\metadata\icall.c:1842:
C:\build\output\Unity-Technologies\mono\mono\metadata\icall.c:1842:
C:\build\output\Unity-Technologies\mono\mono\metadata\icall.c:1842:
C:\build\output\Unity-Technologies\mono\mono\metadata\icall.c:1842:
Symbol file LoadedFromMemory doesn't match image C:\DrimTimCG\Computación Gráfica 2024-2\Library\PackageCache\com.unity.visualscripting@1.8.0\Editor\VisualScripting.Core\Dependencies\YamlDotNet\Unity.VisualScripting.YamlDotNet.dll
Symbol file LoadedFromMemory doesn't match image C:\DrimTimCG\Computación Gráfica 2024-2\Library\PackageCache\com.unity.visualscripting@1.8.0\Editor\VisualScripting.Core\Dependencies\DotNetZip\Unity.VisualScripting.IonicZip.dll
- Loaded All Assemblies, in  1.124 seconds
Refreshing native plugins compatible for Editor in 1.02 ms, found 3 plugins.
Native extension for WindowsStandalone target not found
Mono: successfully reloaded assembly
- Finished resetting the current domain, in  0.831 seconds
Domain Reload Profiling: 1949ms
	BeginReloadAssembly (398ms)
		ExecutionOrderSort (0ms)
		DisableScriptedObjects (8ms)
		BackupInstance (0ms)
		ReleaseScriptingObjects (0ms)
		CreateAndSetChildDomain (38ms)
	RebuildCommonClasses (48ms)
	RebuildNativeTypeToScriptingClass (20ms)
	initialDomainReloadingComplete (52ms)
	LoadAllAssembliesAndSetupDomain (601ms)
		LoadAssemblies (437ms)
		RebuildTransferFunctionScriptingTraits (0ms)
		AnalyzeDomain (295ms)
			TypeCache.Refresh (239ms)
				TypeCache.ScanAssembly (215ms)
			BuildScriptInfoCaches (38ms)
			ResolveRequiredComponents (14ms)
	FinalizeReload (831ms)
		ReleaseScriptCaches (0ms)
		RebuildScriptCaches (0ms)
		SetupLoadedEditorAssemblies (541ms)
			LogAssemblyErrors (0ms)
			InitializePlatformSupportModulesInManaged (3ms)
			SetLoadedEditorAssemblies (4ms)
			BeforeProcessingInitializeOnLoad (68ms)
			ProcessInitializeOnLoadAttributes (415ms)
			ProcessInitializeOnLoadMethodAttributes (44ms)
			AfterProcessingInitializeOnLoad (6ms)
			EditorAssembliesLoaded (0ms)
		ExecutionOrderSort2 (0ms)
		AwakeInstancesAfterBackupRestoration (13ms)
Launched and connected shader compiler UnityShaderCompiler.exe after 0.02 seconds
Refreshing native plugins compatible for Editor in 1.01 ms, found 3 plugins.
Preloading 0 native plugins for Editor in 0.00 ms.
Unloading 168 Unused Serialized files (Serialized files now loaded: 0)
Unloading 5159 unused Assets / (5.7 MB). Loaded Objects now: 5825.
Memory consumption went from 170.4 MB to 164.7 MB.
Total: 9.602600 ms (FindLiveObjects: 0.685600 ms CreateObjectMapping: 0.872400 ms MarkObjects: 4.882300 ms  DeleteObjects: 3.161200 ms)

========================================================================
Received Import Request.
  Time since last request: 2495057.028535 seconds.
  path: Assets/Scenes/Default Environment/Default Environment 1.unity
  artifactKey: Guid(a223447a37fdd834ba3846ca26462125) Importer(815301076,1909f56bfc062723c751e8b465ee728b)
Start importing Assets/Scenes/Default Environment/Default Environment 1.unity using Guid(a223447a37fdd834ba3846ca26462125) Importer(815301076,1909f56bfc062723c751e8b465ee728b) (PreviewImporter) -> (artifact id: '59086cff1dabfaa60438a100d1251a76') in 0.0049871 seconds
Number of updated asset objects reloaded before import = 3Number of asset objects unloaded after import = 0

========================================================================
Received Import Request.
  Time since last request: 315.422181 seconds.
  path: Assets/Kael/Tornado/Textures/Thingys.png
  artifactKey: Guid(e9bdf43733321a641be6991541251ff0) Importer(815301076,1909f56bfc062723c751e8b465ee728b)
Start importing Assets/Kael/Tornado/Textures/Thingys.png using Guid(e9bdf43733321a641be6991541251ff0) Importer(815301076,1909f56bfc062723c751e8b465ee728b) (PreviewImporter) -> (artifact id: 'f5ffd2d1cddc32f1ae16461b0fd17d9e') in 0.0699845 seconds
Number of updated asset objects reloaded before import = 0Number of asset objects unloaded after import = 2

========================================================================
Received Import Request.
  Time since last request: 17.116485 seconds.
  path: Assets/Kael/Tornado/Textures/Thingys.png
  artifactKey: Guid(e9bdf43733321a641be6991541251ff0) Importer(815301076,1909f56bfc062723c751e8b465ee728b)
Start importing Assets/Kael/Tornado/Textures/Thingys.png using Guid(e9bdf43733321a641be6991541251ff0) Importer(815301076,1909f56bfc062723c751e8b465ee728b) (PreviewImporter) -> (artifact id: '09145f133b2503458daec094f8575fc6') in 0.0138471 seconds
Number of updated asset objects reloaded before import = 0Number of asset objects unloaded after import = 2

========================================================================
Received Import Request.
  Time since last request: 0.000022 seconds.
  path: Assets/Kael/Tornado/Textures/TornadoExt.png
  artifactKey: Guid(32126463ad5311740be88971b7bbebe6) Importer(815301076,1909f56bfc062723c751e8b465ee728b)
Start importing Assets/Kael/Tornado/Textures/TornadoExt.png using Guid(32126463ad5311740be88971b7bbebe6) Importer(815301076,1909f56bfc062723c751e8b465ee728b) (PreviewImporter) -> (artifact id: 'aab8efda27acbe1101ec5feddff18aec') in 0.0106838 seconds
Number of updated asset objects reloaded before import = 0Number of asset objects unloaded after import = 2

========================================================================
Received Import Request.
  Time since last request: 24.957781 seconds.
  path: Assets/Mateo/Tornado/ExamenTornado/Texturas/TornadoTexture.png
  artifactKey: Guid(7825dfe09202fb54d8a87b39967fc60d) Importer(815301076,1909f56bfc062723c751e8b465ee728b)
Start importing Assets/Mateo/Tornado/ExamenTornado/Texturas/TornadoTexture.png using Guid(7825dfe09202fb54d8a87b39967fc60d) Importer(815301076,1909f56bfc062723c751e8b465ee728b) (PreviewImporter) -> (artifact id: 'e45e200d86fe1fc6f145d1105fa306b0') in 0.0122987 seconds
Number of updated asset objects reloaded before import = 0Number of asset objects unloaded after import = 2

========================================================================
Received Import Request.
  Time since last request: 418.567239 seconds.
  path: Assets/Kael/Tornado/Materials/TornadoInt.mat
  artifactKey: Guid(c2a2091bd0ae23044bd2d17c40b014ee) Importer(815301076,1909f56bfc062723c751e8b465ee728b)
Start importing Assets/Kael/Tornado/Materials/TornadoInt.mat using Guid(c2a2091bd0ae23044bd2d17c40b014ee) Importer(815301076,1909f56bfc062723c751e8b465ee728b) (PreviewImporter) -> (artifact id: '7d7015e27b0c7beaa67a8165e67a74ef') in 1.545489 seconds
Number of updated asset objects reloaded before import = 0Number of asset objects unloaded after import = 17

========================================================================
Received Import Request.
  Time since last request: 194.242182 seconds.
  path: Assets/Kael/Tornado/Materials/TornadoExt.mat
  artifactKey: Guid(e633ab9526680d64a902c6a53303a7b1) Importer(815301076,1909f56bfc062723c751e8b465ee728b)
Start importing Assets/Kael/Tornado/Materials/TornadoExt.mat using Guid(e633ab9526680d64a902c6a53303a7b1) Importer(815301076,1909f56bfc062723c751e8b465ee728b) (PreviewImporter) -> (artifact id: '26ce4ae533ca7d0104dc25740b0f618c') in 0.0131186 seconds
Number of updated asset objects reloaded before import = 0Number of asset objects unloaded after import = 5

========================================================================
Received Import Request.
  Time since last request: 700.925565 seconds.
  path: Assets/Mateo/Tornado/ExamenTornado/Texturas/M_Wave.mat
  artifactKey: Guid(be7399015bca1a4478a9b29e335560b6) Importer(815301076,1909f56bfc062723c751e8b465ee728b)
Start importing Assets/Mateo/Tornado/ExamenTornado/Texturas/M_Wave.mat using Guid(be7399015bca1a4478a9b29e335560b6) Importer(815301076,1909f56bfc062723c751e8b465ee728b) (PreviewImporter) -> (artifact id: 'ee7a6ebf98439e5ca4a0dc5d07f4a2b6') in 0.1396899 seconds
Number of updated asset objects reloaded before import = 0Number of asset objects unloaded after import = 5

========================================================================
Received Import Request.
  Time since last request: 1377.827280 seconds.
  path: Assets/Kael/Tornado/Meshs/TornadoInt2.obj
  artifactKey: Guid(688dde3cedd0f0c4983e40517252a430) Importer(815301076,1909f56bfc062723c751e8b465ee728b)
Start importing Assets/Kael/Tornado/Meshs/TornadoInt2.obj using Guid(688dde3cedd0f0c4983e40517252a430) Importer(815301076,1909f56bfc062723c751e8b465ee728b) (PreviewImporter) -> (artifact id: 'a45a16005280c011495c7bf4fa14bbeb') in 1.4040353 seconds
Number of updated asset objects reloaded before import = 0Number of asset objects unloaded after import = 13

========================================================================
Received Import Request.
  Time since last request: 1742.553310 seconds.
  path: Assets/Kael/Tornado/Materials/TornadoExt.mat
  artifactKey: Guid(e633ab9526680d64a902c6a53303a7b1) Importer(815301076,1909f56bfc062723c751e8b465ee728b)
Start importing Assets/Kael/Tornado/Materials/TornadoExt.mat using Guid(e633ab9526680d64a902c6a53303a7b1) Importer(815301076,1909f56bfc062723c751e8b465ee728b) (PreviewImporter) -> (artifact id: '1021ecd1ba30da624f35ecac9ae7175a') in 0.0356804 seconds
Number of updated asset objects reloaded before import = 0Number of asset objects unloaded after import = 5

========================================================================
Received Import Request.
  Time since last request: 0.000033 seconds.
  path: Assets/Kael/Tornado/Materials/TornadoInt.mat
  artifactKey: Guid(c2a2091bd0ae23044bd2d17c40b014ee) Importer(815301076,1909f56bfc062723c751e8b465ee728b)
Start importing Assets/Kael/Tornado/Materials/TornadoInt.mat using Guid(c2a2091bd0ae23044bd2d17c40b014ee) Importer(815301076,1909f56bfc062723c751e8b465ee728b) (PreviewImporter) -> (artifact id: '4281cb730b7dd72a0d2e6c7ae20d2433') in 0.0143002 seconds
Number of updated asset objects reloaded before import = 0Number of asset objects unloaded after import = 5

========================================================================
Received Import Request.
  Time since last request: 64.886000 seconds.
  path: Assets/Kael/Tornado/Materials/TornadoExt.mat
  artifactKey: Guid(e633ab9526680d64a902c6a53303a7b1) Importer(815301076,1909f56bfc062723c751e8b465ee728b)
Start importing Assets/Kael/Tornado/Materials/TornadoExt.mat using Guid(e633ab9526680d64a902c6a53303a7b1) Importer(815301076,1909f56bfc062723c751e8b465ee728b) (PreviewImporter) -> (artifact id: '599f44f568bee88089bb5e78faa3b88d') in 0.0173978 seconds
Number of updated asset objects reloaded before import = 0Number of asset objects unloaded after import = 5

========================================================================
Received Import Request.
  Time since last request: 0.000033 seconds.
  path: Assets/Kael/Tornado/Materials/Wind.mat
  artifactKey: Guid(4d66bb73ecf0f0440b0df8ff15cb9bb8) Importer(815301076,1909f56bfc062723c751e8b465ee728b)
Start importing Assets/Kael/Tornado/Materials/Wind.mat using Guid(4d66bb73ecf0f0440b0df8ff15cb9bb8) Importer(815301076,1909f56bfc062723c751e8b465ee728b) (PreviewImporter) -> (artifact id: 'c51723e156d2780ff36007f7582f524c') in 0.4450352 seconds
Number of updated asset objects reloaded before import = 0Number of asset objects unloaded after import = 5

